<?xml version="1.0" encoding="UTF-8"?>
<!-- Generated by org.testng.reporters.JUnitXMLReporter -->
<testsuite hostname="DESKTOP-87D2P7E" name="chromeTest" tests="3" failures="0" timestamp="25 Dec 2019 06:38:42 GMT" time="61.937" errors="0">
  <testcase name="testValidloginlogout" time="8.515" classname="Com.Actitime.Tests.ValidLoginLogoutTest"/>
  <testcase name="testInvlidLoginlogout" time="13.174" classname="Com.Actitime.Tests.InvalidLoginTest"/>
  <testcase name="testVerifyVersion" time="0.471" classname="Com.Actitime.Tests.VerifyversionTest"/>
</testsuite> <!-- chromeTest -->
