<?xml version="1.0" encoding="UTF-8"?>
<!-- Generated by org.testng.reporters.JUnitXMLReporter -->
<testsuite hostname="DESKTOP-87D2P7E" name="FirefoxTest" tests="3" failures="0" timestamp="25 Dec 2019 06:38:52 GMT" time="71.903" errors="0">
  <testcase name="testValidloginlogout" time="2.688" classname="Com.Actitime.Tests.ValidLoginLogoutTest"/>
  <testcase name="testInvlidLoginlogout" time="15.987" classname="Com.Actitime.Tests.InvalidLoginTest"/>
  <testcase name="testVerifyVersion" time="0.179" classname="Com.Actitime.Tests.VerifyversionTest"/>
</testsuite> <!-- FirefoxTest -->
