<?xml version="1.0" encoding="UTF-8"?>
<!-- Generated by org.testng.reporters.JUnitXMLReporter -->
<testsuite hostname="DESKTOP-87D2P7E" ignored="0" name="Test" tests="3" failures="3" timestamp="2019-12-25T10:22:45 IST" time="39.874" errors="0">
  <testcase name="@AfterMethod postcondition" time="0.109" classname="Com.Actitime.Generic.BaseTest">
    <failure type="java.lang.NoClassDefFoundError" message="org/apache/commons/io/FileUtils">
      <![CDATA[java.lang.NoClassDefFoundError: org/apache/commons/io/FileUtils
at Com.Actitime.Generic.GenericUtils.getscreenshot(GenericUtils.java:22)
at Com.Actitime.Generic.BaseTest.postcondition(BaseTest.java:40)
at java.util.ArrayList.forEach(Unknown Source)
Caused by: java.lang.ClassNotFoundException: org.apache.commons.io.FileUtils
at java.net.URLClassLoader.findClass(Unknown Source)
at java.lang.ClassLoader.loadClass(Unknown Source)
at sun.misc.Launcher$AppClassLoader.loadClass(Unknown Source)
at java.lang.ClassLoader.loadClass(Unknown Source)
... 34 more
... Removed 31 stack frames]]>
    </failure>
  </testcase> <!-- @AfterMethod postcondition -->
  <testcase name="@AfterMethod postcondition" time="0.092" classname="Com.Actitime.Generic.BaseTest">
    <failure type="java.lang.NoClassDefFoundError" message="org/apache/commons/io/FileUtils">
      <![CDATA[java.lang.NoClassDefFoundError: org/apache/commons/io/FileUtils
at Com.Actitime.Generic.GenericUtils.getscreenshot(GenericUtils.java:22)
at Com.Actitime.Generic.BaseTest.postcondition(BaseTest.java:40)
at java.util.ArrayList.forEach(Unknown Source)
... Removed 31 stack frames]]>
    </failure>
  </testcase> <!-- @AfterMethod postcondition -->
  <testcase name="@AfterMethod postcondition" time="0.082" classname="Com.Actitime.Generic.BaseTest">
    <failure type="java.lang.NoClassDefFoundError" message="org/apache/commons/io/FileUtils">
      <![CDATA[java.lang.NoClassDefFoundError: org/apache/commons/io/FileUtils
at Com.Actitime.Generic.GenericUtils.getscreenshot(GenericUtils.java:22)
at Com.Actitime.Generic.BaseTest.postcondition(BaseTest.java:40)
at java.util.ArrayList.forEach(Unknown Source)
... Removed 31 stack frames]]>
    </failure>
  </testcase> <!-- @AfterMethod postcondition -->
  <testcase name="testValidloginlogout" time="0.047" classname="Com.Actitime.Tests.ValidLoginLogoutTest">
    <failure type="java.lang.NoClassDefFoundError" message="org/apache/poi/ss/usermodel/WorkbookFactory">
      <![CDATA[java.lang.NoClassDefFoundError: org/apache/poi/ss/usermodel/WorkbookFactory
at Com.Actitime.Generic.ExcelData.getdata(ExcelData.java:19)
at Com.Actitime.Tests.ValidLoginLogoutTest.testValidloginlogout(ValidLoginLogoutTest.java:16)
at java.util.ArrayList.forEach(Unknown Source)
Caused by: java.lang.ClassNotFoundException: org.apache.poi.ss.usermodel.WorkbookFactory
at java.net.URLClassLoader.findClass(Unknown Source)
at java.lang.ClassLoader.loadClass(Unknown Source)
at sun.misc.Launcher$AppClassLoader.loadClass(Unknown Source)
at java.lang.ClassLoader.loadClass(Unknown Source)
... 29 more
... Removed 26 stack frames]]>
    </failure>
  </testcase> <!-- testValidloginlogout -->
  <testcase name="testVerifyVersion" time="0.0" classname="Com.Actitime.Tests.VerifyversionTest">
    <failure type="java.lang.NoClassDefFoundError" message="org/apache/poi/ss/usermodel/WorkbookFactory">
      <![CDATA[java.lang.NoClassDefFoundError: org/apache/poi/ss/usermodel/WorkbookFactory
at Com.Actitime.Generic.ExcelData.getdata(ExcelData.java:19)
at Com.Actitime.Tests.VerifyversionTest.testVerifyVersion(VerifyversionTest.java:15)
at java.util.ArrayList.forEach(Unknown Source)
... Removed 26 stack frames]]>
    </failure>
  </testcase> <!-- testVerifyVersion -->
  <testcase name="testInvlidLoginlogout" time="0.0" classname="Com.Actitime.Tests.InvalidLoginTest">
    <failure type="java.lang.NoClassDefFoundError" message="org/apache/poi/ss/usermodel/WorkbookFactory">
      <![CDATA[java.lang.NoClassDefFoundError: org/apache/poi/ss/usermodel/WorkbookFactory
at Com.Actitime.Generic.ExcelData.getdata(ExcelData.java:19)
at Com.Actitime.Tests.InvalidLoginTest.testInvlidLoginlogout(InvalidLoginTest.java:16)
at java.util.ArrayList.forEach(Unknown Source)
... Removed 26 stack frames]]>
    </failure>
  </testcase> <!-- testInvlidLoginlogout -->
</testsuite> <!-- Test -->
