<?xml version="1.0" encoding="UTF-8"?>
<testng-results skipped="0" failed="0" total="6" passed="6">
  <reporter-output>
    <line>
      <![CDATA[Title is matching actiTIME - Login]]>
    </line>
    <line>
      <![CDATA[the user name is admin]]>
    </line>
    <line>
      <![CDATA[the password is  manager]]>
    </line>
    <line>
      <![CDATA[Title is matching actiTIME - Login]]>
    </line>
    <line>
      <![CDATA[the user name is admin]]>
    </line>
    <line>
      <![CDATA[the password is  manager]]>
    </line>
    <line>
      <![CDATA[Title is matching actiTIME - Enter Time-Track]]>
    </line>
    <line>
      <![CDATA[Title is matching actiTIME - Enter Time-Track]]>
    </line>
    <line>
      <![CDATA[Title is matching actiTIME - Login]]>
    </line>
    <line>
      <![CDATA[The username is admin]]>
    </line>
    <line>
      <![CDATA[the passwrod is damager]]>
    </line>
    <line>
      <![CDATA[Title is matching actiTIME - Login]]>
    </line>
    <line>
      <![CDATA[The username is admin]]>
    </line>
    <line>
      <![CDATA[the passwrod is damager]]>
    </line>
    <line>
      <![CDATA[Element is present]]>
    </line>
    <line>
      <![CDATA[The actual err message is Username or Password is invalid. Please try again.]]>
    </line>
    <line>
      <![CDATA[the expected err message is Username or Password is invalid. Please try again.]]>
    </line>
    <line>
      <![CDATA[=============]]>
    </line>
    <line>
      <![CDATA[the message is matching ......]]>
    </line>
    <line>
      <![CDATA[=============]]>
    </line>
    <line>
      <![CDATA[The username is qsp]]>
    </line>
    <line>
      <![CDATA[the passwrod is jsp]]>
    </line>
    <line>
      <![CDATA[Element is present]]>
    </line>
    <line>
      <![CDATA[Element is present]]>
    </line>
    <line>
      <![CDATA[The actual err message is Username or Password is invalid. Please try again.]]>
    </line>
    <line>
      <![CDATA[the expected err message is Username or Password is invalid. Please try again.]]>
    </line>
    <line>
      <![CDATA[=============]]>
    </line>
    <line>
      <![CDATA[the message is matching ......]]>
    </line>
    <line>
      <![CDATA[=============]]>
    </line>
    <line>
      <![CDATA[The username is 45]]>
    </line>
    <line>
      <![CDATA[The actual err message is Username or Password is invalid. Please try again.]]>
    </line>
    <line>
      <![CDATA[the expected err message is Username or Password is invalid. Please try again.]]>
    </line>
    <line>
      <![CDATA[=============]]>
    </line>
    <line>
      <![CDATA[the message is matching ......]]>
    </line>
    <line>
      <![CDATA[=============]]>
    </line>
    <line>
      <![CDATA[The username is qsp]]>
    </line>
    <line>
      <![CDATA[the passwrod is jsp]]>
    </line>
    <line>
      <![CDATA[the passwrod is a]]>
    </line>
    <line>
      <![CDATA[Element is present]]>
    </line>
    <line>
      <![CDATA[Element is present]]>
    </line>
    <line>
      <![CDATA[The actual err message is Username or Password is invalid. Please try again.]]>
    </line>
    <line>
      <![CDATA[the expected err message is Username or Password is invalid. Please try again.]]>
    </line>
    <line>
      <![CDATA[=============]]>
    </line>
    <line>
      <![CDATA[the message is matching ......]]>
    </line>
    <line>
      <![CDATA[=============]]>
    </line>
    <line>
      <![CDATA[The username is a]]>
    </line>
    <line>
      <![CDATA[The actual err message is Username or Password is invalid. Please try again.]]>
    </line>
    <line>
      <![CDATA[the expected err message is Username or Password is invalid. Please try again.]]>
    </line>
    <line>
      <![CDATA[=============]]>
    </line>
    <line>
      <![CDATA[the message is matching ......]]>
    </line>
    <line>
      <![CDATA[=============]]>
    </line>
    <line>
      <![CDATA[The username is 45]]>
    </line>
    <line>
      <![CDATA[the passwrod is a]]>
    </line>
    <line>
      <![CDATA[the passwrod is @]]>
    </line>
    <line>
      <![CDATA[Element is present]]>
    </line>
    <line>
      <![CDATA[The actual err message is Username or Password is invalid. Please try again.]]>
    </line>
    <line>
      <![CDATA[the expected err message is Username or Password is invalid. Please try again.]]>
    </line>
    <line>
      <![CDATA[=============]]>
    </line>
    <line>
      <![CDATA[the message is matching ......]]>
    </line>
    <line>
      <![CDATA[=============]]>
    </line>
    <line>
      <![CDATA[The username is 1]]>
    </line>
    <line>
      <![CDATA[the passwrod is 2]]>
    </line>
    <line>
      <![CDATA[Element is present]]>
    </line>
    <line>
      <![CDATA[The actual err message is Username or Password is invalid. Please try again.]]>
    </line>
    <line>
      <![CDATA[the expected err message is Username or Password is invalid. Please try again.]]>
    </line>
    <line>
      <![CDATA[=============]]>
    </line>
    <line>
      <![CDATA[the message is matching ......]]>
    </line>
    <line>
      <![CDATA[=============]]>
    </line>
    <line>
      <![CDATA[The username is a]]>
    </line>
    <line>
      <![CDATA[the passwrod is @]]>
    </line>
    <line>
      <![CDATA[Element is present]]>
    </line>
    <line>
      <![CDATA[The actual err message is Username or Password is invalid. Please try again.]]>
    </line>
    <line>
      <![CDATA[the expected err message is Username or Password is invalid. Please try again.]]>
    </line>
    <line>
      <![CDATA[=============]]>
    </line>
    <line>
      <![CDATA[the message is matching ......]]>
    </line>
    <line>
      <![CDATA[=============]]>
    </line>
    <line>
      <![CDATA[Element is present]]>
    </line>
    <line>
      <![CDATA[The actual err message is Username or Password is invalid. Please try again.]]>
    </line>
    <line>
      <![CDATA[the expected err message is Username or Password is invalid. Please try again.]]>
    </line>
    <line>
      <![CDATA[=============]]>
    </line>
    <line>
      <![CDATA[the message is matching ......]]>
    </line>
    <line>
      <![CDATA[=============]]>
    </line>
    <line>
      <![CDATA[The username is 1]]>
    </line>
    <line>
      <![CDATA[the passwrod is 2]]>
    </line>
    <line>
      <![CDATA[Element is present]]>
    </line>
    <line>
      <![CDATA[The actual err message is Username or Password is invalid. Please try again.]]>
    </line>
    <line>
      <![CDATA[the expected err message is Username or Password is invalid. Please try again.]]>
    </line>
    <line>
      <![CDATA[=============]]>
    </line>
    <line>
      <![CDATA[the message is matching ......]]>
    </line>
    <line>
      <![CDATA[=============]]>
    </line>
    <line>
      <![CDATA[Title is matching actiTIME - Login]]>
    </line>
    <line>
      <![CDATA[Element is present]]>
    </line>
    <line>
      <![CDATA[Actual version is actiTIME 2020.1 Pro]]>
    </line>
    <line>
      <![CDATA[the expectyed version isactiTIME 2020.1 Pro]]>
    </line>
    <line>
      <![CDATA[=============]]>
    </line>
    <line>
      <![CDATA[the version is matching ...]]>
    </line>
    <line>
      <![CDATA[Title is matching actiTIME - Login]]>
    </line>
    <line>
      <![CDATA[Element is present]]>
    </line>
    <line>
      <![CDATA[Actual version is actiTIME 2020.1 Pro]]>
    </line>
    <line>
      <![CDATA[the expectyed version isactiTIME 2020.1 Pro]]>
    </line>
    <line>
      <![CDATA[=============]]>
    </line>
    <line>
      <![CDATA[the version is matching ...]]>
    </line>
  </reporter-output>
  <suite name="Suite" duration-ms="71904" started-at="2019-12-25T06:37:40Z" finished-at="2019-12-25T06:38:52Z">
    <groups>
    </groups>
    <test name="chromeTest" duration-ms="61937" started-at="2019-12-25T06:37:40Z" finished-at="2019-12-25T06:38:42Z">
      <class name="Com.Actitime.Tests.ValidLoginLogoutTest">
        <test-method status="PASS" signature="precondition(java.lang.String, java.lang.String, java.lang.String)[pri:0, instance:Com.Actitime.Tests.ValidLoginLogoutTest@16c0663d]" name="precondition" is-config="true" duration-ms="13847" started-at="2019-12-25T12:07:40Z" finished-at="2019-12-25T12:07:54Z">
          <params>
            <param index="0">
              <value>
                <![CDATA[http://localhost:4444/wd/hub]]>
              </value>
            </param>
            <param index="1">
              <value>
                <![CDATA[chrome]]>
              </value>
            </param>
            <param index="2">
              <value>
                <![CDATA[https://demo.actitime.com/login.do]]>
              </value>
            </param>
          </params>
          <reporter-output>
          </reporter-output>
        </test-method> <!-- precondition -->
        <test-method status="PASS" signature="testValidloginlogout()[pri:1, instance:Com.Actitime.Tests.ValidLoginLogoutTest@16c0663d]" name="testValidloginlogout" duration-ms="8515" started-at="2019-12-25T12:07:54Z" finished-at="2019-12-25T12:08:02Z">
          <reporter-output>
            <line>
              <![CDATA[Title is matching actiTIME - Login]]>
            </line>
            <line>
              <![CDATA[the user name is admin]]>
            </line>
            <line>
              <![CDATA[the password is  manager]]>
            </line>
            <line>
              <![CDATA[Title is matching actiTIME - Enter Time-Track]]>
            </line>
          </reporter-output>
        </test-method> <!-- testValidloginlogout -->
        <test-method status="PASS" signature="postcondition(org.testng.ITestResult)[pri:0, instance:Com.Actitime.Tests.ValidLoginLogoutTest@16c0663d]" name="postcondition" is-config="true" duration-ms="238" started-at="2019-12-25T12:08:02Z" finished-at="2019-12-25T12:08:03Z">
          <params>
            <param index="0">
              <value>
                <![CDATA[[TestResult name=testValidloginlogout status=SUCCESS method=ValidLoginLogoutTest.testValidloginlogout()[pri:1, instance:Com.Actitime.Tests.ValidLoginLogoutTest@16c0663d] output=Title is matching actiTIME - Login]]]>
              </value>
            </param>
          </params>
          <reporter-output>
          </reporter-output>
        </test-method> <!-- postcondition -->
      </class> <!-- Com.Actitime.Tests.ValidLoginLogoutTest -->
      <class name="Com.Actitime.Tests.InvalidLoginTest">
        <test-method status="PASS" signature="precondition(java.lang.String, java.lang.String, java.lang.String)[pri:0, instance:Com.Actitime.Tests.InvalidLoginTest@4ec6a292]" name="precondition" is-config="true" duration-ms="10577" started-at="2019-12-25T12:08:03Z" finished-at="2019-12-25T12:08:13Z">
          <params>
            <param index="0">
              <value>
                <![CDATA[http://localhost:4444/wd/hub]]>
              </value>
            </param>
            <param index="1">
              <value>
                <![CDATA[chrome]]>
              </value>
            </param>
            <param index="2">
              <value>
                <![CDATA[https://demo.actitime.com/login.do]]>
              </value>
            </param>
          </params>
          <reporter-output>
          </reporter-output>
        </test-method> <!-- precondition -->
        <test-method status="PASS" signature="testInvlidLoginlogout()[pri:2, instance:Com.Actitime.Tests.InvalidLoginTest@4ec6a292]" name="testInvlidLoginlogout" duration-ms="13174" started-at="2019-12-25T12:08:13Z" finished-at="2019-12-25T12:08:26Z">
          <reporter-output>
            <line>
              <![CDATA[Title is matching actiTIME - Login]]>
            </line>
            <line>
              <![CDATA[The username is admin]]>
            </line>
            <line>
              <![CDATA[the passwrod is damager]]>
            </line>
            <line>
              <![CDATA[Element is present]]>
            </line>
            <line>
              <![CDATA[The actual err message is Username or Password is invalid. Please try again.]]>
            </line>
            <line>
              <![CDATA[the expected err message is Username or Password is invalid. Please try again.]]>
            </line>
            <line>
              <![CDATA[=============]]>
            </line>
            <line>
              <![CDATA[the message is matching ......]]>
            </line>
            <line>
              <![CDATA[=============]]>
            </line>
            <line>
              <![CDATA[The username is qsp]]>
            </line>
            <line>
              <![CDATA[the passwrod is jsp]]>
            </line>
            <line>
              <![CDATA[Element is present]]>
            </line>
            <line>
              <![CDATA[The actual err message is Username or Password is invalid. Please try again.]]>
            </line>
            <line>
              <![CDATA[the expected err message is Username or Password is invalid. Please try again.]]>
            </line>
            <line>
              <![CDATA[=============]]>
            </line>
            <line>
              <![CDATA[the message is matching ......]]>
            </line>
            <line>
              <![CDATA[=============]]>
            </line>
            <line>
              <![CDATA[The username is 45]]>
            </line>
            <line>
              <![CDATA[the passwrod is a]]>
            </line>
            <line>
              <![CDATA[Element is present]]>
            </line>
            <line>
              <![CDATA[The actual err message is Username or Password is invalid. Please try again.]]>
            </line>
            <line>
              <![CDATA[the expected err message is Username or Password is invalid. Please try again.]]>
            </line>
            <line>
              <![CDATA[=============]]>
            </line>
            <line>
              <![CDATA[the message is matching ......]]>
            </line>
            <line>
              <![CDATA[=============]]>
            </line>
            <line>
              <![CDATA[The username is a]]>
            </line>
            <line>
              <![CDATA[the passwrod is @]]>
            </line>
            <line>
              <![CDATA[Element is present]]>
            </line>
            <line>
              <![CDATA[The actual err message is Username or Password is invalid. Please try again.]]>
            </line>
            <line>
              <![CDATA[the expected err message is Username or Password is invalid. Please try again.]]>
            </line>
            <line>
              <![CDATA[=============]]>
            </line>
            <line>
              <![CDATA[the message is matching ......]]>
            </line>
            <line>
              <![CDATA[=============]]>
            </line>
            <line>
              <![CDATA[The username is 1]]>
            </line>
            <line>
              <![CDATA[the passwrod is 2]]>
            </line>
            <line>
              <![CDATA[Element is present]]>
            </line>
            <line>
              <![CDATA[The actual err message is Username or Password is invalid. Please try again.]]>
            </line>
            <line>
              <![CDATA[the expected err message is Username or Password is invalid. Please try again.]]>
            </line>
            <line>
              <![CDATA[=============]]>
            </line>
            <line>
              <![CDATA[the message is matching ......]]>
            </line>
            <line>
              <![CDATA[=============]]>
            </line>
          </reporter-output>
        </test-method> <!-- testInvlidLoginlogout -->
        <test-method status="PASS" signature="postcondition(org.testng.ITestResult)[pri:0, instance:Com.Actitime.Tests.InvalidLoginTest@4ec6a292]" name="postcondition" is-config="true" duration-ms="472" started-at="2019-12-25T12:08:26Z" finished-at="2019-12-25T12:08:27Z">
          <params>
            <param index="0">
              <value>
                <![CDATA[[TestResult name=testInvlidLoginlogout status=SUCCESS method=InvalidLoginTest.testInvlidLoginlogout()[pri:2, instance:Com.Actitime.Tests.InvalidLoginTest@4ec6a292] output=Title is matching actiTIME - Login]]]>
              </value>
            </param>
          </params>
          <reporter-output>
          </reporter-output>
        </test-method> <!-- postcondition -->
      </class> <!-- Com.Actitime.Tests.InvalidLoginTest -->
      <class name="Com.Actitime.Tests.VerifyversionTest">
        <test-method status="PASS" signature="precondition(java.lang.String, java.lang.String, java.lang.String)[pri:0, instance:Com.Actitime.Tests.VerifyversionTest@23223dd8]" name="precondition" is-config="true" duration-ms="13989" started-at="2019-12-25T12:08:27Z" finished-at="2019-12-25T12:08:41Z">
          <params>
            <param index="0">
              <value>
                <![CDATA[http://localhost:4444/wd/hub]]>
              </value>
            </param>
            <param index="1">
              <value>
                <![CDATA[chrome]]>
              </value>
            </param>
            <param index="2">
              <value>
                <![CDATA[https://demo.actitime.com/login.do]]>
              </value>
            </param>
          </params>
          <reporter-output>
          </reporter-output>
        </test-method> <!-- precondition -->
        <test-method status="PASS" signature="testVerifyVersion()[pri:3, instance:Com.Actitime.Tests.VerifyversionTest@23223dd8]" name="testVerifyVersion" duration-ms="471" started-at="2019-12-25T12:08:41Z" finished-at="2019-12-25T12:08:41Z">
          <reporter-output>
            <line>
              <![CDATA[Title is matching actiTIME - Login]]>
            </line>
            <line>
              <![CDATA[Element is present]]>
            </line>
            <line>
              <![CDATA[Actual version is actiTIME 2020.1 Pro]]>
            </line>
            <line>
              <![CDATA[the expectyed version isactiTIME 2020.1 Pro]]>
            </line>
            <line>
              <![CDATA[=============]]>
            </line>
            <line>
              <![CDATA[the version is matching ...]]>
            </line>
          </reporter-output>
        </test-method> <!-- testVerifyVersion -->
        <test-method status="PASS" signature="postcondition(org.testng.ITestResult)[pri:0, instance:Com.Actitime.Tests.VerifyversionTest@23223dd8]" name="postcondition" is-config="true" duration-ms="632" started-at="2019-12-25T12:08:41Z" finished-at="2019-12-25T12:08:42Z">
          <params>
            <param index="0">
              <value>
                <![CDATA[[TestResult name=testVerifyVersion status=SUCCESS method=VerifyversionTest.testVerifyVersion()[pri:3, instance:Com.Actitime.Tests.VerifyversionTest@23223dd8] output=Title is matching actiTIME - Login]]]>
              </value>
            </param>
          </params>
          <reporter-output>
          </reporter-output>
        </test-method> <!-- postcondition -->
      </class> <!-- Com.Actitime.Tests.VerifyversionTest -->
    </test> <!-- chromeTest -->
    <test name="FirefoxTest" duration-ms="71903" started-at="2019-12-25T06:37:40Z" finished-at="2019-12-25T06:38:52Z">
      <class name="Com.Actitime.Tests.ValidLoginLogoutTest">
        <test-method status="PASS" signature="precondition(java.lang.String, java.lang.String, java.lang.String)[pri:0, instance:Com.Actitime.Tests.ValidLoginLogoutTest@56cbfb61]" name="precondition" is-config="true" duration-ms="16355" started-at="2019-12-25T12:07:40Z" finished-at="2019-12-25T12:07:56Z">
          <params>
            <param index="0">
              <value>
                <![CDATA[http://localhost:4444/wd/hub]]>
              </value>
            </param>
            <param index="1">
              <value>
                <![CDATA[firefox]]>
              </value>
            </param>
            <param index="2">
              <value>
                <![CDATA[https://demo.actitime.com/login.do]]>
              </value>
            </param>
          </params>
          <reporter-output>
          </reporter-output>
        </test-method> <!-- precondition -->
        <test-method status="PASS" signature="testValidloginlogout()[pri:1, instance:Com.Actitime.Tests.ValidLoginLogoutTest@56cbfb61]" name="testValidloginlogout" duration-ms="2688" started-at="2019-12-25T12:07:56Z" finished-at="2019-12-25T12:07:59Z">
          <reporter-output>
            <line>
              <![CDATA[Title is matching actiTIME - Login]]>
            </line>
            <line>
              <![CDATA[the user name is admin]]>
            </line>
            <line>
              <![CDATA[the password is  manager]]>
            </line>
            <line>
              <![CDATA[Title is matching actiTIME - Enter Time-Track]]>
            </line>
          </reporter-output>
        </test-method> <!-- testValidloginlogout -->
        <test-method status="PASS" signature="postcondition(org.testng.ITestResult)[pri:0, instance:Com.Actitime.Tests.ValidLoginLogoutTest@56cbfb61]" name="postcondition" is-config="true" duration-ms="3391" started-at="2019-12-25T12:07:59Z" finished-at="2019-12-25T12:08:02Z">
          <params>
            <param index="0">
              <value>
                <![CDATA[[TestResult name=testValidloginlogout status=SUCCESS method=ValidLoginLogoutTest.testValidloginlogout()[pri:1, instance:Com.Actitime.Tests.ValidLoginLogoutTest@56cbfb61] output=Title is matching actiTIME - Login]]]>
              </value>
            </param>
          </params>
          <reporter-output>
          </reporter-output>
        </test-method> <!-- postcondition -->
      </class> <!-- Com.Actitime.Tests.ValidLoginLogoutTest -->
      <class name="Com.Actitime.Tests.VerifyversionTest">
        <test-method status="PASS" signature="precondition(java.lang.String, java.lang.String, java.lang.String)[pri:0, instance:Com.Actitime.Tests.VerifyversionTest@1134affc]" name="precondition" is-config="true" duration-ms="15573" started-at="2019-12-25T12:08:34Z" finished-at="2019-12-25T12:08:50Z">
          <params>
            <param index="0">
              <value>
                <![CDATA[http://localhost:4444/wd/hub]]>
              </value>
            </param>
            <param index="1">
              <value>
                <![CDATA[firefox]]>
              </value>
            </param>
            <param index="2">
              <value>
                <![CDATA[https://demo.actitime.com/login.do]]>
              </value>
            </param>
          </params>
          <reporter-output>
          </reporter-output>
        </test-method> <!-- precondition -->
        <test-method status="PASS" signature="testVerifyVersion()[pri:3, instance:Com.Actitime.Tests.VerifyversionTest@1134affc]" name="testVerifyVersion" duration-ms="179" started-at="2019-12-25T12:08:50Z" finished-at="2019-12-25T12:08:50Z">
          <reporter-output>
            <line>
              <![CDATA[Title is matching actiTIME - Login]]>
            </line>
            <line>
              <![CDATA[Element is present]]>
            </line>
            <line>
              <![CDATA[Actual version is actiTIME 2020.1 Pro]]>
            </line>
            <line>
              <![CDATA[the expectyed version isactiTIME 2020.1 Pro]]>
            </line>
            <line>
              <![CDATA[=============]]>
            </line>
            <line>
              <![CDATA[the version is matching ...]]>
            </line>
          </reporter-output>
        </test-method> <!-- testVerifyVersion -->
        <test-method status="PASS" signature="postcondition(org.testng.ITestResult)[pri:0, instance:Com.Actitime.Tests.VerifyversionTest@1134affc]" name="postcondition" is-config="true" duration-ms="2153" started-at="2019-12-25T12:08:50Z" finished-at="2019-12-25T12:08:52Z">
          <params>
            <param index="0">
              <value>
                <![CDATA[[TestResult name=testVerifyVersion status=SUCCESS method=VerifyversionTest.testVerifyVersion()[pri:3, instance:Com.Actitime.Tests.VerifyversionTest@1134affc] output=Title is matching actiTIME - Login]]]>
              </value>
            </param>
          </params>
          <reporter-output>
          </reporter-output>
        </test-method> <!-- postcondition -->
      </class> <!-- Com.Actitime.Tests.VerifyversionTest -->
      <class name="Com.Actitime.Tests.InvalidLoginTest">
        <test-method status="PASS" signature="precondition(java.lang.String, java.lang.String, java.lang.String)[pri:0, instance:Com.Actitime.Tests.InvalidLoginTest@d041cf]" name="precondition" is-config="true" duration-ms="12225" started-at="2019-12-25T12:08:02Z" finished-at="2019-12-25T12:08:15Z">
          <params>
            <param index="0">
              <value>
                <![CDATA[http://localhost:4444/wd/hub]]>
              </value>
            </param>
            <param index="1">
              <value>
                <![CDATA[firefox]]>
              </value>
            </param>
            <param index="2">
              <value>
                <![CDATA[https://demo.actitime.com/login.do]]>
              </value>
            </param>
          </params>
          <reporter-output>
          </reporter-output>
        </test-method> <!-- precondition -->
        <test-method status="PASS" signature="testInvlidLoginlogout()[pri:2, instance:Com.Actitime.Tests.InvalidLoginTest@d041cf]" name="testInvlidLoginlogout" duration-ms="15987" started-at="2019-12-25T12:08:15Z" finished-at="2019-12-25T12:08:31Z">
          <reporter-output>
            <line>
              <![CDATA[Title is matching actiTIME - Login]]>
            </line>
            <line>
              <![CDATA[The username is admin]]>
            </line>
            <line>
              <![CDATA[the passwrod is damager]]>
            </line>
            <line>
              <![CDATA[Element is present]]>
            </line>
            <line>
              <![CDATA[The actual err message is Username or Password is invalid. Please try again.]]>
            </line>
            <line>
              <![CDATA[the expected err message is Username or Password is invalid. Please try again.]]>
            </line>
            <line>
              <![CDATA[=============]]>
            </line>
            <line>
              <![CDATA[the message is matching ......]]>
            </line>
            <line>
              <![CDATA[=============]]>
            </line>
            <line>
              <![CDATA[The username is qsp]]>
            </line>
            <line>
              <![CDATA[the passwrod is jsp]]>
            </line>
            <line>
              <![CDATA[Element is present]]>
            </line>
            <line>
              <![CDATA[The actual err message is Username or Password is invalid. Please try again.]]>
            </line>
            <line>
              <![CDATA[the expected err message is Username or Password is invalid. Please try again.]]>
            </line>
            <line>
              <![CDATA[=============]]>
            </line>
            <line>
              <![CDATA[the message is matching ......]]>
            </line>
            <line>
              <![CDATA[=============]]>
            </line>
            <line>
              <![CDATA[The username is 45]]>
            </line>
            <line>
              <![CDATA[the passwrod is a]]>
            </line>
            <line>
              <![CDATA[Element is present]]>
            </line>
            <line>
              <![CDATA[The actual err message is Username or Password is invalid. Please try again.]]>
            </line>
            <line>
              <![CDATA[the expected err message is Username or Password is invalid. Please try again.]]>
            </line>
            <line>
              <![CDATA[=============]]>
            </line>
            <line>
              <![CDATA[the message is matching ......]]>
            </line>
            <line>
              <![CDATA[=============]]>
            </line>
            <line>
              <![CDATA[The username is a]]>
            </line>
            <line>
              <![CDATA[the passwrod is @]]>
            </line>
            <line>
              <![CDATA[Element is present]]>
            </line>
            <line>
              <![CDATA[The actual err message is Username or Password is invalid. Please try again.]]>
            </line>
            <line>
              <![CDATA[the expected err message is Username or Password is invalid. Please try again.]]>
            </line>
            <line>
              <![CDATA[=============]]>
            </line>
            <line>
              <![CDATA[the message is matching ......]]>
            </line>
            <line>
              <![CDATA[=============]]>
            </line>
            <line>
              <![CDATA[The username is 1]]>
            </line>
            <line>
              <![CDATA[the passwrod is 2]]>
            </line>
            <line>
              <![CDATA[Element is present]]>
            </line>
            <line>
              <![CDATA[The actual err message is Username or Password is invalid. Please try again.]]>
            </line>
            <line>
              <![CDATA[the expected err message is Username or Password is invalid. Please try again.]]>
            </line>
            <line>
              <![CDATA[=============]]>
            </line>
            <line>
              <![CDATA[the message is matching ......]]>
            </line>
            <line>
              <![CDATA[=============]]>
            </line>
          </reporter-output>
        </test-method> <!-- testInvlidLoginlogout -->
        <test-method status="PASS" signature="postcondition(org.testng.ITestResult)[pri:0, instance:Com.Actitime.Tests.InvalidLoginTest@d041cf]" name="postcondition" is-config="true" duration-ms="3329" started-at="2019-12-25T12:08:31Z" finished-at="2019-12-25T12:08:34Z">
          <params>
            <param index="0">
              <value>
                <![CDATA[[TestResult name=testInvlidLoginlogout status=SUCCESS method=InvalidLoginTest.testInvlidLoginlogout()[pri:2, instance:Com.Actitime.Tests.InvalidLoginTest@d041cf] output=Title is matching actiTIME - Login]]]>
              </value>
            </param>
          </params>
          <reporter-output>
          </reporter-output>
        </test-method> <!-- postcondition -->
      </class> <!-- Com.Actitime.Tests.InvalidLoginTest -->
    </test> <!-- FirefoxTest -->
  </suite> <!-- Suite -->
</testng-results>
